This is pdfeTeX, Version 3.141592-1.30.4-2.2 (Web2C 7.5.5) (format=pdflatex 2006.11.9)  19 APR 2009 12:15
entering extended mode
\write18 enabled.
**thesis-chapter3.tex
(./thesis-chapter3.tex
LaTeX2e <2005/12/01>
Babel <v3.8d> and hyphenation patterns for american, french, german, ngerman, b
ahasa, basque, bulgarian, catalan, croatian, czech, danish, dutch, esperanto, e
stonian, finnish, greek, icelandic, irish, italian, latin, magyar, norsk, polis
h, portuges, romanian, russian, serbian, slovak, slovene, spanish, swedish, tur
kish, ukrainian, nohyphenation, loaded.
! Undefined control sequence.
l.1 \chapter
            {Visualization Tools}
? 
! Emergency stop.
l.1 \chapter
            {Visualization Tools}
End of file on the terminal!

 
Here is how much of TeX's memory you used:
 5 strings out of 94412
 155 string characters out of 1172319
 2048436 words of memory out of 4500000
 3326 multiletter control sequences out of 10000+50000
 3640 words of font info for 14 fonts, out of 2000000 for 2000
 582 hyphenation exceptions out of 5000
 5i,0n,1p,51b,8s stack positions out of 5000i,500n,6000p,200000b,40000s
PDF statistics:
 0 PDF objects out of 300000
 0 named destinations out of 131072
 1 words of extra memory for PDF output out of 10000
No pages of output.
