This is pdfeTeX, Version 3.141592-1.30.4-2.2 (Web2C 7.5.5) (format=pdflatex 2006.11.9)  13 APR 2009 12:36
entering extended mode
\write18 enabled.
**wuthesis.cls
(./wuthesis.cls
LaTeX2e <2005/12/01>
Babel <v3.8d> and hyphenation patterns for american, french, german, ngerman, b
ahasa, basque, bulgarian, catalan, croatian, czech, danish, dutch, esperanto, e
stonian, finnish, greek, icelandic, irish, italian, latin, magyar, norsk, polis
h, portuges, romanian, russian, serbian, slovak, slovene, spanish, swedish, tur
kish, ukrainian, nohyphenation, loaded.
*************************************************************
** Wash U - Sever Institute thesis class 
** version 1.7a, 07/01/2008
** Copyright (c) 1995 Kevin Ruland 
** with revisions by Long Duan and Greg Hackmann 
*************************************************************

LaTeX Warning: You have requested package `',
               but the package provides `wuthesis'.

Package: wuthesis 07/01/2008 v1.7a
(/usr/local/teTeX/share/texmf.local/tex/latex/base/book.cls
Document Class: book 2005/09/16 v1.4f Standard LaTeX document class
(/usr/local/teTeX/share/texmf.local/tex/latex/base/bk10.clo
File: bk10.clo 2005/09/16 v1.4f Standard LaTeX file (size option)
)
\c@part=\count79
\c@chapter=\count80
\c@section=\count81
\c@subsection=\count82
\c@subsubsection=\count83
\c@paragraph=\count84
\c@subparagraph=\count85
\c@figure=\count86
\c@table=\count87
\abovecaptionskip=\skip41
\belowcaptionskip=\skip42
\bibindent=\dimen102
)

! Class wuthesis Error: Please select either the phdthesis or mastersthesis cla
ss options.

See the wuthesis class documentation for explanation.
Type  H <return>  for immediate help.
 ...                                              
                                                  
l.111 ...otect\documentclass[phdthesis]{wuthesis}}
                                                  
? 
! Emergency stop.
 ...                                              
                                                  
l.111 ...otect\documentclass[phdthesis]{wuthesis}}
                                                  
Use, for example, \documentclass[phdthesis]{wuthesis}

 
Here is how much of TeX's memory you used:
 238 strings out of 94412
 2738 string characters out of 1172319
 2048436 words of memory out of 4500000
 3550 multiletter control sequences out of 10000+50000
 3640 words of font info for 14 fonts, out of 2000000 for 2000
 582 hyphenation exceptions out of 5000
 22i,0n,19p,167b,36s stack positions out of 5000i,500n,6000p,200000b,40000s
PDF statistics:
 0 PDF objects out of 300000
 0 named destinations out of 131072
 1 words of extra memory for PDF output out of 10000
No pages of output.
