This is pdfTeX, Version 3.141592-1.40.4 (MiKTeX 2.7) (preloaded format=pdflatex 2008.3.24)  18 APR 2009 23:20
entering extended mode
**C:/Documents*and*Settings/gpu/Desktop/David*Ross/davidrossmastersproject/mast
ersProject/writeup/thesis-main.tex

("C:/Documents and Settings/gpu/Desktop/David Ross/davidrossmastersproject/mast
ersProject/writeup/thesis-main.tex"
LaTeX2e <2005/12/01>
Babel <v3.8h> and hyphenation patterns for english, dumylang, nohyphenation, ge
rman, ngerman, french, loaded.
(wuthesis.cls
*************************************************************
** Wash U - Sever Institute thesis class 
** version 1.7a, 07/01/2008
** Copyright (c) 1995 Kevin Ruland 
** with revisions by Long Duan and Greg Hackmann 
*************************************************************
Document Class: wuthesis 07/01/2008 v1.7a
("C:\Program Files\MiKTeX 2.7\tex\latex\base\book.cls"
Document Class: book 2005/09/16 v1.4f Standard LaTeX document class
("C:\Program Files\MiKTeX 2.7\tex\latex\base\bk12.clo"
File: bk12.clo 2005/09/16 v1.4f Standard LaTeX file (size option)
)
\c@part=\count79
\c@chapter=\count80
\c@section=\count81
\c@subsection=\count82
\c@subsubsection=\count83
\c@paragraph=\count84
\c@subparagraph=\count85
\c@figure=\count86
\c@table=\count87
\abovecaptionskip=\skip41
\belowcaptionskip=\skip42
\bibindent=\dimen102
)
("C:\Program Files\MiKTeX 2.7\tex\latex\ltxmisc\ulem.sty"
\UL@box=\box26
\UL@hyphenbox=\box27
\UL@skip=\skip43
\UL@hook=\toks14
\UL@pe=\count88
\UL@pixel=\dimen103
\ULC@box=\box28
Package: ulem 2000/05/26
\ULdepth=\dimen104
)
("C:\Program Files\MiKTeX 2.7\tex\latex\setspace\setspace.sty"
Package: setspace 2000/12/01 6.7 Contributed and Supported LaTeX2e package

Package: `setspace' 6.7 <2000/12/01>
) ("C:\Program Files\MiKTeX 2.7\tex\latex\carlisle\remreset.sty")
\chapterpadding=\skip44
\chaptervspace=\skip45
\appendixhspace=\skip46
\hour=\count89
\minute=\count90
)
("C:\Program Files\MiKTeX 2.7\tex\latex\graphics\epsfig.sty"
Package: epsfig 1999/02/16 v1.7a (e)psfig emulation (SPQR)

("C:\Program Files\MiKTeX 2.7\tex\latex\graphics\graphicx.sty"
Package: graphicx 1999/02/16 v1.0f Enhanced LaTeX Graphics (DPC,SPQR)

("C:\Program Files\MiKTeX 2.7\tex\latex\graphics\keyval.sty"
Package: keyval 1999/03/16 v1.13 key=value parser (DPC)
\KV@toks@=\toks15
)
("C:\Program Files\MiKTeX 2.7\tex\latex\graphics\graphics.sty"
Package: graphics 2006/02/20 v1.0o Standard LaTeX Graphics (DPC,SPQR)

("C:\Program Files\MiKTeX 2.7\tex\latex\graphics\trig.sty"
Package: trig 1999/03/16 v1.09 sin cos tan (DPC)
)
("C:\Program Files\MiKTeX 2.7\tex\latex\00miktex\graphics.cfg"
File: graphics.cfg 2007/01/18 v1.5 graphics configuration of teTeX/TeXLive
)
Package graphics Info: Driver file: pdftex.def on input line 90.

("C:\Program Files\MiKTeX 2.7\tex\latex\graphics\pdftex.def"
File: pdftex.def 2007/06/12 v0.04h Graphics/color for pdfTeX
\Gread@gobject=\count91
))
\Gin@req@height=\dimen105
\Gin@req@width=\dimen106
)
\epsfxsize=\dimen107
\epsfysize=\dimen108
) (ellipsis.sty
Package: ellipsis 2004/9/28 v1.6 ellipsis: fixes spacing around \protect \globa
l \let \OT1\textellipsis .\kern \fontdimen 3\font .\kern \fontdimen 3\font .\ke
rn \fontdimen 3\font \OT1\textellipsis 

("C:\Program Files\MiKTeX 2.7\tex\latex\tools\xspace.sty"
Package: xspace 2006/05/08 v1.12 Space after command names (DPC,MH)
))
("C:\Program Files\MiKTeX 2.7\tex\latex\caption\caption.sty"
Package: caption 2008/08/24 v3.1j Customizing captions (AR)

("C:\Program Files\MiKTeX 2.7\tex\latex\caption\caption3.sty"
Package: caption3 2008/08/24 v3.1j caption3 kernel (AR)
\captionmargin=\dimen109
\captionmargin@=\dimen110
\captionwidth=\dimen111
\caption@indent=\dimen112
\caption@parindent=\dimen113
\caption@hangindent=\dimen114
)
\c@ContinuedFloat=\count92
)
("C:\Program Files\MiKTeX 2.7\tex\latex\subfigure\subfigure.sty"
Package: subfigure 2002/07/30 v2.1.4 subfigure package
\subfigtopskip=\skip47
\subfigcapskip=\skip48
\subfigcaptopadj=\dimen115
\subfigbottomskip=\skip49
\subfigcapmargin=\dimen116
\subfiglabelskip=\skip50
\c@subfigure=\count93
\c@lofdepth=\count94
\c@subtable=\count95
\c@lotdepth=\count96

****************************************
* Local config file subfigure.cfg used *
****************************************
("C:\Program Files\MiKTeX 2.7\tex\latex\subfigure\subfigure.cfg")
\subfig@top=\skip51
\subfig@bottom=\skip52
)
(thesis-main.aux (thesis-chapter3.aux))
LaTeX Font Info:    Checking defaults for OML/cmm/m/it on input line 28.
LaTeX Font Info:    ... okay on input line 28.
LaTeX Font Info:    Checking defaults for T1/cmr/m/n on input line 28.
LaTeX Font Info:    ... okay on input line 28.
LaTeX Font Info:    Checking defaults for OT1/cmr/m/n on input line 28.
LaTeX Font Info:    ... okay on input line 28.
LaTeX Font Info:    Checking defaults for OMS/cmsy/m/n on input line 28.
LaTeX Font Info:    ... okay on input line 28.
LaTeX Font Info:    Checking defaults for OMX/cmex/m/n on input line 28.
LaTeX Font Info:    ... okay on input line 28.
LaTeX Font Info:    Checking defaults for U/cmr/m/n on input line 28.
LaTeX Font Info:    ... okay on input line 28.

("C:\Program Files\MiKTeX 2.7\tex\context\base\supp-pdf.tex"
[Loading MPS to PDF converter (version 2006.09.02).]
\scratchcounter=\count97
\scratchdimen=\dimen117
\scratchbox=\box29
\nofMPsegments=\count98
\nofMParguments=\count99
\MPscratchCnt=\count100
\MPscratchDim=\dimen118
\MPnumerator=\count101
\everyMPtoPDFconversion=\toks16
)
LaTeX Info: Redefining \dots on input line 28.
Package caption Info: Begin \AtBeginDocument code.
Package caption Info: subfigure package is loaded.
Package caption Info: End \AtBeginDocument code.
 (thesis-chapter3.tex
Chapter 1.
[1




{C:/Documents and Settings/All Users/Application Data/MiKTeX/2.7/pdftex/config/
pdftex.map}] <figures/2skyPCA.jpg, id=7, 562.1pt x 421.575pt>
File: figures/2skyPCA.jpg Graphic file (type jpg)

<use figures/2skyPCA.jpg> <figures/2skyMask.jpg, id=8, 562.1pt x 421.575pt>
File: figures/2skyMask.jpg Graphic file (type jpg)

<use figures/2skyMask.jpg> [2 <figures/2skyPCA.jpg> <figures/2skyMask.jpg>]
LaTeX Font Info:    External font `cmex10' loaded for size
(Font)              <12> on input line 46.
LaTeX Font Info:    External font `cmex10' loaded for size
(Font)              <8> on input line 46.
LaTeX Font Info:    External font `cmex10' loaded for size
(Font)              <6> on input line 46.

<figures/194cars.jpg, id=13, 562.1pt x 421.575pt>
File: figures/194cars.jpg Graphic file (type jpg)
 <use figures/194cars.jpg>
<figures/194carsGradient.jpg, id=14, 562.1pt x 421.575pt>
File: figures/194carsGradient.jpg Graphic file (type jpg)

<use figures/194carsGradient.jpg>
<figures/golfMontageNaive.jpg, id=15, 1288.815pt x 739.76375pt>
File: figures/golfMontageNaive.jpg Graphic file (type jpg)

<use figures/golfMontageNaive.jpg>
<figures/golfMontageSmart.jpg, id=16, 1288.815pt x 739.76375pt>
File: figures/golfMontageSmart.jpg Graphic file (type jpg)

<use figures/golfMontageSmart.jpg> [3 <figures/194cars.jpg> <figures/194carsGra
dient.jpg>] [4 <figures/golfMontageNaive.jpg> <figures/golfMontageSmart.jpg>]
<figures/2dGui.jpg, id=28, 1096.095pt x 470.75874pt>
File: figures/2dGui.jpg Graphic file (type jpg)
 <use figures/2dGui.jpg>

Package caption Warning: \label before \caption on input line 98.
See the caption package documentation for explanation.


LaTeX Warning: Reference `fig:2dGui' on page 5 undefined on input line 100.


Package caption Warning: \label before \caption on input line 98.
See the caption package documentation for explanation.


LaTeX Warning: Reference `fig:2dGui' on page 5 undefined on input line 100.


Package caption Warning: \label before \caption on input line 98.
See the caption package documentation for explanation.


LaTeX Warning: Reference `fig:2dGui' on page 5 undefined on input line 103.

[5 <figures/2dGui.jpg>]

Package caption Warning: \label before \caption on input line 140.
See the caption package documentation for explanation.


LaTeX Warning: Reference `fig:severalHists' on page 6 undefined on input line 1
35.

<figures/severalHists.jpg, id=32, 1686.3pt x 956.57375pt>
File: figures/severalHists.jpg Graphic file (type jpg)

<use figures/severalHists.jpg> [6]) [7 <figures/severalHists.jpg>]
(thesis-main.aux (thesis-chapter3.aux))

LaTeX Warning: There were undefined references.

 ) 
Here is how much of TeX's memory you used:
 2299 strings out of 95340
 34165 string characters out of 1184155
 95822 words of memory out of 1500000
 5489 multiletter control sequences out of 110000
 8606 words of font info for 31 fonts, out of 1200000 for 2000
 14 hyphenation exceptions out of 8191
 36i,6n,38p,1199b,306s stack positions out of 5000i,500n,10000p,200000b,5000s
<C:/Program Files/MiKTeX 2.7/fonts/type1/bluesky/cm/cmbx12.pfb><C:/Program Fi
les/MiKTeX 2.7/fonts/type1/bluesky/cm/cmex10.pfb><C:/Program Files/MiKTeX 2.7/f
onts/type1/bluesky/cm/cmmi12.pfb><C:/Program Files/MiKTeX 2.7/fonts/type1/blues
ky/cm/cmmi8.pfb><C:/Program Files/MiKTeX 2.7/fonts/type1/bluesky/cm/cmr10.pfb><
C:/Program Files/MiKTeX 2.7/fonts/type1/bluesky/cm/cmr12.pfb><C:/Program Files/
MiKTeX 2.7/fonts/type1/bluesky/cm/cmr6.pfb><C:/Program Files/MiKTeX 2.7/fonts/t
ype1/bluesky/cm/cmr8.pfb><C:/Program Files/MiKTeX 2.7/fonts/type1/bluesky/cm/cm
sy10.pfb>
Output written on thesis-main.pdf (7 pages, 524230 bytes).
PDF statistics:
 70 PDF objects out of 1000 (max. 8388607)
 0 named destinations out of 1000 (max. 131072)
 41 words of extra memory for PDF output out of 10000 (max. 10000000)

